2024-09-10 21:08:03,182 [Worker-2: Loading available Gradle versions] INFO  o.e.b.c.i.u.g.PublishedGradleVersions - Gradle version information cache is up-to-date. Trying to read.
2024-09-13 13:34:15,402 [Worker-5: Loading available Gradle versions] INFO  o.e.b.c.i.u.g.PublishedGradleVersions - Gradle version information cache is out-of-date. Trying to update.
2024-09-13 13:59:17,121 [Worker-2: Loading available Gradle versions] INFO  o.e.b.c.i.u.g.PublishedGradleVersions - Gradle version information cache is up-to-date. Trying to read.
2024-09-17 13:51:40,404 [Worker-9: Loading available Gradle versions] INFO  o.e.b.c.i.u.g.PublishedGradleVersions - Gradle version information cache is out-of-date. Trying to update.
2024-09-18 19:21:26,000 [Worker-5: Loading available Gradle versions] INFO  o.e.b.c.i.u.g.PublishedGradleVersions - Gradle version information cache is out-of-date. Trying to update.
2024-09-18 19:23:45,179 [Worker-8: Deferred Early Start] INFO  o.a.h.c.h.i.c.HttpRequestRetryExec - Recoverable I/O exception (java.net.SocketException) caught when processing request to {s}->https://www.eclipse.org:443
2024-09-19 20:52:49,177 [Worker-1: Loading available Gradle versions] INFO  o.e.b.c.i.u.g.PublishedGradleVersions - Gradle version information cache is out-of-date. Trying to update.
2024-09-20 13:19:07,148 [Worker-8: Loading available Gradle versions] INFO  o.e.b.c.i.u.g.PublishedGradleVersions - Gradle version information cache is up-to-date. Trying to read.
2024-09-21 18:24:52,872 [Worker-5: Loading available Gradle versions] INFO  o.e.b.c.i.u.g.PublishedGradleVersions - Gradle version information cache is out-of-date. Trying to update.
2024-09-24 19:43:59,108 [Worker-26: Loading available Gradle versions] INFO  o.e.b.c.i.u.g.PublishedGradleVersions - Gradle version information cache is out-of-date. Trying to update.
2024-09-28 18:24:11,056 [Worker-1: Loading available Gradle versions] INFO  o.e.b.c.i.u.g.PublishedGradleVersions - Gradle version information cache is out-of-date. Trying to update.
2024-10-05 20:39:56,987 [Worker-7: Loading available Gradle versions] INFO  o.e.b.c.i.u.g.PublishedGradleVersions - Gradle version information cache is up-to-date. Trying to read.
2024-10-05 23:37:59,485 [Worker-5: Loading available Gradle versions] INFO  o.e.b.c.i.u.g.PublishedGradleVersions - Gradle version information cache is up-to-date. Trying to read.
2024-10-15 14:00:18,222 [Worker-5: Loading available Gradle versions] INFO  o.e.b.c.i.u.g.PublishedGradleVersions - Gradle version information cache is out-of-date. Trying to update.
2024-10-15 14:15:48,848 [ModalContext] INFO  o.e.m.c.i.e.AbstractTransferListenerAdapter - Downloading https://repo.maven.apache.org/maven2/am/ik/archetype/elm-spring-boot-blank-archetype/0.0.3/elm-spring-boot-blank-archetype-0.0.3.pom
2024-10-15 14:15:48,869 [ModalContext] INFO  o.e.m.c.i.e.AbstractTransferListenerAdapter - Downloaded https://repo.maven.apache.org/maven2/am/ik/archetype/elm-spring-boot-blank-archetype/0.0.3/elm-spring-boot-blank-archetype-0.0.3.pom
2024-10-15 14:15:48,974 [ModalContext] INFO  o.e.m.c.i.e.AbstractTransferListenerAdapter - Downloading https://repo.maven.apache.org/maven2/am/ik/archetype/elm-spring-boot-blank-archetype/0.0.3/elm-spring-boot-blank-archetype-0.0.3.jar
2024-10-15 14:15:49,031 [ModalContext] INFO  o.e.m.c.i.e.AbstractTransferListenerAdapter - Downloaded https://repo.maven.apache.org/maven2/am/ik/archetype/elm-spring-boot-blank-archetype/0.0.3/elm-spring-boot-blank-archetype-0.0.3.jar
2024-10-15 14:19:54,999 [Worker-41: Launching mavenrun-26e23019-7ffc-4d53-8714-db51c1ece75b] INFO  o.eclipse.m2e.core.internal.Bundles - getClasspathEntries(Bundle=org.eclipse.m2e.maven.runtime_3.9.700.20240602-2313 [297])
2024-10-15 14:19:55,003 [Worker-41: Launching mavenrun-26e23019-7ffc-4d53-8714-db51c1ece75b] INFO  o.eclipse.m2e.core.internal.Bundles - 	Entry: C:\Users\A DMIN\.p2\pool\plugins\org.eclipse.m2e.maven.runtime_3.9.700.20240602-2313
2024-10-15 14:19:55,004 [Worker-41: Launching mavenrun-26e23019-7ffc-4d53-8714-db51c1ece75b] INFO  o.eclipse.m2e.core.internal.Bundles - 	Entry: C:\Users\A DMIN\.p2\pool\plugins\org.eclipse.m2e.maven.runtime_3.9.700.20240602-2313\jars\aopalliance-1.0.jar
2024-10-15 14:19:55,004 [Worker-41: Launching mavenrun-26e23019-7ffc-4d53-8714-db51c1ece75b] INFO  o.eclipse.m2e.core.internal.Bundles - 	Entry: C:\Users\A DMIN\.p2\pool\plugins\org.eclipse.m2e.maven.runtime_3.9.700.20240602-2313\jars\guice-5.1.0.jar
2024-10-15 14:19:55,004 [Worker-41: Launching mavenrun-26e23019-7ffc-4d53-8714-db51c1ece75b] INFO  o.eclipse.m2e.core.internal.Bundles - 	Entry: C:\Users\A DMIN\.p2\pool\plugins\org.eclipse.m2e.maven.runtime_3.9.700.20240602-2313\jars\httpclient-4.5.14.jar
2024-10-15 14:19:55,004 [Worker-41: Launching mavenrun-26e23019-7ffc-4d53-8714-db51c1ece75b] INFO  o.eclipse.m2e.core.internal.Bundles - 	Entry: C:\Users\A DMIN\.p2\pool\plugins\org.eclipse.m2e.maven.runtime_3.9.700.20240602-2313\jars\httpcore-4.4.16.jar
2024-10-15 14:19:55,004 [Worker-41: Launching mavenrun-26e23019-7ffc-4d53-8714-db51c1ece75b] INFO  o.eclipse.m2e.core.internal.Bundles - 	Entry: C:\Users\A DMIN\.p2\pool\plugins\org.eclipse.m2e.maven.runtime_3.9.700.20240602-2313\jars\jansi-2.4.1.jar
2024-10-15 14:19:55,004 [Worker-41: Launching mavenrun-26e23019-7ffc-4d53-8714-db51c1ece75b] INFO  o.eclipse.m2e.core.internal.Bundles - 	Entry: C:\Users\A DMIN\.p2\pool\plugins\org.eclipse.m2e.maven.runtime_3.9.700.20240602-2313\jars\jcl-over-slf4j-1.7.36.jar
2024-10-15 14:19:55,004 [Worker-41: Launching mavenrun-26e23019-7ffc-4d53-8714-db51c1ece75b] INFO  o.eclipse.m2e.core.internal.Bundles - 	Entry: C:\Users\A DMIN\.p2\pool\plugins\org.eclipse.m2e.maven.runtime_3.9.700.20240602-2313\jars\maven-artifact-3.9.7.jar
2024-10-15 14:19:55,005 [Worker-41: Launching mavenrun-26e23019-7ffc-4d53-8714-db51c1ece75b] INFO  o.eclipse.m2e.core.internal.Bundles - 	Entry: C:\Users\A DMIN\.p2\pool\plugins\org.eclipse.m2e.maven.runtime_3.9.700.20240602-2313\jars\maven-builder-support-3.9.7.jar
2024-10-15 14:19:55,005 [Worker-41: Launching mavenrun-26e23019-7ffc-4d53-8714-db51c1ece75b] INFO  o.eclipse.m2e.core.internal.Bundles - 	Entry: C:\Users\A DMIN\.p2\pool\plugins\org.eclipse.m2e.maven.runtime_3.9.700.20240602-2313\jars\maven-compat-3.9.7.jar
2024-10-15 14:19:55,005 [Worker-41: Launching mavenrun-26e23019-7ffc-4d53-8714-db51c1ece75b] INFO  o.eclipse.m2e.core.internal.Bundles - 	Entry: C:\Users\A DMIN\.p2\pool\plugins\org.eclipse.m2e.maven.runtime_3.9.700.20240602-2313\jars\maven-core-3.9.7.jar
2024-10-15 14:19:55,005 [Worker-41: Launching mavenrun-26e23019-7ffc-4d53-8714-db51c1ece75b] INFO  o.eclipse.m2e.core.internal.Bundles - 	Entry: C:\Users\A DMIN\.p2\pool\plugins\org.eclipse.m2e.maven.runtime_3.9.700.20240602-2313\jars\maven-embedder-3.9.7.jar
2024-10-15 14:19:55,005 [Worker-41: Launching mavenrun-26e23019-7ffc-4d53-8714-db51c1ece75b] INFO  o.eclipse.m2e.core.internal.Bundles - 	Entry: C:\Users\A DMIN\.p2\pool\plugins\org.eclipse.m2e.maven.runtime_3.9.700.20240602-2313\jars\maven-model-3.9.7.jar
2024-10-15 14:19:55,005 [Worker-41: Launching mavenrun-26e23019-7ffc-4d53-8714-db51c1ece75b] INFO  o.eclipse.m2e.core.internal.Bundles - 	Entry: C:\Users\A DMIN\.p2\pool\plugins\org.eclipse.m2e.maven.runtime_3.9.700.20240602-2313\jars\maven-model-builder-3.9.7.jar
2024-10-15 14:19:55,005 [Worker-41: Launching mavenrun-26e23019-7ffc-4d53-8714-db51c1ece75b] INFO  o.eclipse.m2e.core.internal.Bundles - 	Entry: C:\Users\A DMIN\.p2\pool\plugins\org.eclipse.m2e.maven.runtime_3.9.700.20240602-2313\jars\maven-plugin-api-3.9.7.jar
2024-10-15 14:19:55,005 [Worker-41: Launching mavenrun-26e23019-7ffc-4d53-8714-db51c1ece75b] INFO  o.eclipse.m2e.core.internal.Bundles - 	Entry: C:\Users\A DMIN\.p2\pool\plugins\org.eclipse.m2e.maven.runtime_3.9.700.20240602-2313\jars\maven-repository-metadata-3.9.7.jar
2024-10-15 14:19:55,005 [Worker-41: Launching mavenrun-26e23019-7ffc-4d53-8714-db51c1ece75b] INFO  o.eclipse.m2e.core.internal.Bundles - 	Entry: C:\Users\A DMIN\.p2\pool\plugins\org.eclipse.m2e.maven.runtime_3.9.700.20240602-2313\jars\maven-resolver-api-1.9.20.jar
2024-10-15 14:19:55,006 [Worker-41: Launching mavenrun-26e23019-7ffc-4d53-8714-db51c1ece75b] INFO  o.eclipse.m2e.core.internal.Bundles - 	Entry: C:\Users\A DMIN\.p2\pool\plugins\org.eclipse.m2e.maven.runtime_3.9.700.20240602-2313\jars\maven-resolver-connector-basic-1.9.20.jar
2024-10-15 14:19:55,006 [Worker-41: Launching mavenrun-26e23019-7ffc-4d53-8714-db51c1ece75b] INFO  o.eclipse.m2e.core.internal.Bundles - 	Entry: C:\Users\A DMIN\.p2\pool\plugins\org.eclipse.m2e.maven.runtime_3.9.700.20240602-2313\jars\maven-resolver-impl-1.9.20.jar
2024-10-15 14:19:55,006 [Worker-41: Launching mavenrun-26e23019-7ffc-4d53-8714-db51c1ece75b] INFO  o.eclipse.m2e.core.internal.Bundles - 	Entry: C:\Users\A DMIN\.p2\pool\plugins\org.eclipse.m2e.maven.runtime_3.9.700.20240602-2313\jars\maven-resolver-named-locks-1.9.20.jar
2024-10-15 14:19:55,006 [Worker-41: Launching mavenrun-26e23019-7ffc-4d53-8714-db51c1ece75b] INFO  o.eclipse.m2e.core.internal.Bundles - 	Entry: C:\Users\A DMIN\.p2\pool\plugins\org.eclipse.m2e.maven.runtime_3.9.700.20240602-2313\jars\maven-resolver-provider-3.9.7.jar
2024-10-15 14:19:55,006 [Worker-41: Launching mavenrun-26e23019-7ffc-4d53-8714-db51c1ece75b] INFO  o.eclipse.m2e.core.internal.Bundles - 	Entry: C:\Users\A DMIN\.p2\pool\plugins\org.eclipse.m2e.maven.runtime_3.9.700.20240602-2313\jars\maven-resolver-spi-1.9.20.jar
2024-10-15 14:19:55,006 [Worker-41: Launching mavenrun-26e23019-7ffc-4d53-8714-db51c1ece75b] INFO  o.eclipse.m2e.core.internal.Bundles - 	Entry: C:\Users\A DMIN\.p2\pool\plugins\org.eclipse.m2e.maven.runtime_3.9.700.20240602-2313\jars\maven-resolver-transport-file-1.9.20.jar
2024-10-15 14:19:55,006 [Worker-41: Launching mavenrun-26e23019-7ffc-4d53-8714-db51c1ece75b] INFO  o.eclipse.m2e.core.internal.Bundles - 	Entry: C:\Users\A DMIN\.p2\pool\plugins\org.eclipse.m2e.maven.runtime_3.9.700.20240602-2313\jars\maven-resolver-transport-http-1.9.20.jar
2024-10-15 14:19:55,006 [Worker-41: Launching mavenrun-26e23019-7ffc-4d53-8714-db51c1ece75b] INFO  o.eclipse.m2e.core.internal.Bundles - 	Entry: C:\Users\A DMIN\.p2\pool\plugins\org.eclipse.m2e.maven.runtime_3.9.700.20240602-2313\jars\maven-resolver-transport-wagon-1.9.20.jar
2024-10-15 14:19:55,007 [Worker-41: Launching mavenrun-26e23019-7ffc-4d53-8714-db51c1ece75b] INFO  o.eclipse.m2e.core.internal.Bundles - 	Entry: C:\Users\A DMIN\.p2\pool\plugins\org.eclipse.m2e.maven.runtime_3.9.700.20240602-2313\jars\maven-resolver-util-1.9.20.jar
2024-10-15 14:19:55,007 [Worker-41: Launching mavenrun-26e23019-7ffc-4d53-8714-db51c1ece75b] INFO  o.eclipse.m2e.core.internal.Bundles - 	Entry: C:\Users\A DMIN\.p2\pool\plugins\org.eclipse.m2e.maven.runtime_3.9.700.20240602-2313\jars\maven-settings-3.9.7.jar
2024-10-15 14:19:55,007 [Worker-41: Launching mavenrun-26e23019-7ffc-4d53-8714-db51c1ece75b] INFO  o.eclipse.m2e.core.internal.Bundles - 	Entry: C:\Users\A DMIN\.p2\pool\plugins\org.eclipse.m2e.maven.runtime_3.9.700.20240602-2313\jars\maven-settings-builder-3.9.7.jar
2024-10-15 14:19:55,007 [Worker-41: Launching mavenrun-26e23019-7ffc-4d53-8714-db51c1ece75b] INFO  o.eclipse.m2e.core.internal.Bundles - 	Entry: C:\Users\A DMIN\.p2\pool\plugins\org.eclipse.m2e.maven.runtime_3.9.700.20240602-2313\jars\maven-shared-utils-3.4.2.jar
2024-10-15 14:19:55,007 [Worker-41: Launching mavenrun-26e23019-7ffc-4d53-8714-db51c1ece75b] INFO  o.eclipse.m2e.core.internal.Bundles - 	Entry: C:\Users\A DMIN\.p2\pool\plugins\org.eclipse.m2e.maven.runtime_3.9.700.20240602-2313\jars\org.eclipse.sisu.inject-0.9.0.M2.jar
2024-10-15 14:19:55,007 [Worker-41: Launching mavenrun-26e23019-7ffc-4d53-8714-db51c1ece75b] INFO  o.eclipse.m2e.core.internal.Bundles - 	Entry: C:\Users\A DMIN\.p2\pool\plugins\org.eclipse.m2e.maven.runtime_3.9.700.20240602-2313\jars\org.eclipse.sisu.plexus-0.9.0.M2.jar
2024-10-15 14:19:55,007 [Worker-41: Launching mavenrun-26e23019-7ffc-4d53-8714-db51c1ece75b] INFO  o.eclipse.m2e.core.internal.Bundles - 	Entry: C:\Users\A DMIN\.p2\pool\plugins\org.eclipse.m2e.maven.runtime_3.9.700.20240602-2313\jars\plexus-build-api-0.0.7.jar
2024-10-15 14:19:55,007 [Worker-41: Launching mavenrun-26e23019-7ffc-4d53-8714-db51c1ece75b] INFO  o.eclipse.m2e.core.internal.Bundles - 	Entry: C:\Users\A DMIN\.p2\pool\plugins\org.eclipse.m2e.maven.runtime_3.9.700.20240602-2313\jars\plexus-build-api-1.2.0.jar
2024-10-15 14:19:55,007 [Worker-41: Launching mavenrun-26e23019-7ffc-4d53-8714-db51c1ece75b] INFO  o.eclipse.m2e.core.internal.Bundles - 	Entry: C:\Users\A DMIN\.p2\pool\plugins\org.eclipse.m2e.maven.runtime_3.9.700.20240602-2313\jars\plexus-cipher-2.0.jar
2024-10-15 14:19:55,008 [Worker-41: Launching mavenrun-26e23019-7ffc-4d53-8714-db51c1ece75b] INFO  o.eclipse.m2e.core.internal.Bundles - 	Entry: C:\Users\A DMIN\.p2\pool\plugins\org.eclipse.m2e.maven.runtime_3.9.700.20240602-2313\jars\plexus-classworlds-2.8.0.jar
2024-10-15 14:19:55,008 [Worker-41: Launching mavenrun-26e23019-7ffc-4d53-8714-db51c1ece75b] INFO  o.eclipse.m2e.core.internal.Bundles - 	Entry: C:\Users\A DMIN\.p2\pool\plugins\org.eclipse.m2e.maven.runtime_3.9.700.20240602-2313\jars\plexus-component-annotations-2.1.0.jar
2024-10-15 14:19:55,008 [Worker-41: Launching mavenrun-26e23019-7ffc-4d53-8714-db51c1ece75b] INFO  o.eclipse.m2e.core.internal.Bundles - 	Entry: C:\Users\A DMIN\.p2\pool\plugins\org.eclipse.m2e.maven.runtime_3.9.700.20240602-2313\jars\plexus-interpolation-1.27.jar
2024-10-15 14:19:55,008 [Worker-41: Launching mavenrun-26e23019-7ffc-4d53-8714-db51c1ece75b] INFO  o.eclipse.m2e.core.internal.Bundles - 	Entry: C:\Users\A DMIN\.p2\pool\plugins\org.eclipse.m2e.maven.runtime_3.9.700.20240602-2313\jars\plexus-sec-dispatcher-2.0.jar
2024-10-15 14:19:55,008 [Worker-41: Launching mavenrun-26e23019-7ffc-4d53-8714-db51c1ece75b] INFO  o.eclipse.m2e.core.internal.Bundles - 	Entry: C:\Users\A DMIN\.p2\pool\plugins\org.eclipse.m2e.maven.runtime_3.9.700.20240602-2313\jars\plexus-utils-3.5.1.jar
2024-10-15 14:19:55,008 [Worker-41: Launching mavenrun-26e23019-7ffc-4d53-8714-db51c1ece75b] INFO  o.eclipse.m2e.core.internal.Bundles - 	Entry: C:\Users\A DMIN\.p2\pool\plugins\org.eclipse.m2e.maven.runtime_3.9.700.20240602-2313\jars\wagon-file-3.5.3.jar
2024-10-15 14:19:55,008 [Worker-41: Launching mavenrun-26e23019-7ffc-4d53-8714-db51c1ece75b] INFO  o.eclipse.m2e.core.internal.Bundles - 	Entry: C:\Users\A DMIN\.p2\pool\plugins\org.eclipse.m2e.maven.runtime_3.9.700.20240602-2313\jars\wagon-http-3.5.3.jar
2024-10-15 14:19:55,008 [Worker-41: Launching mavenrun-26e23019-7ffc-4d53-8714-db51c1ece75b] INFO  o.eclipse.m2e.core.internal.Bundles - 	Entry: C:\Users\A DMIN\.p2\pool\plugins\org.eclipse.m2e.maven.runtime_3.9.700.20240602-2313\jars\wagon-http-shared-3.5.3.jar
2024-10-15 14:19:55,008 [Worker-41: Launching mavenrun-26e23019-7ffc-4d53-8714-db51c1ece75b] INFO  o.eclipse.m2e.core.internal.Bundles - 	Entry: C:\Users\A DMIN\.p2\pool\plugins\org.eclipse.m2e.maven.runtime_3.9.700.20240602-2313\jars\wagon-provider-api-3.5.3.jar
2024-10-15 14:19:55,011 [Worker-41: Launching mavenrun-26e23019-7ffc-4d53-8714-db51c1ece75b] INFO  o.eclipse.m2e.core.internal.Bundles - getClasspathEntries(Bundle=com.google.guava_33.3.0.jre [527])
2024-10-15 14:19:55,012 [Worker-41: Launching mavenrun-26e23019-7ffc-4d53-8714-db51c1ece75b] INFO  o.eclipse.m2e.core.internal.Bundles - 	Entry: C:\Users\A DMIN\.p2\pool\plugins\com.google.guava_33.3.0.jre.jar
2024-10-15 14:19:55,012 [Worker-41: Launching mavenrun-26e23019-7ffc-4d53-8714-db51c1ece75b] INFO  o.eclipse.m2e.core.internal.Bundles - getClasspathEntries(Bundle=slf4j.api_2.0.16 [518])
2024-10-15 14:19:55,012 [Worker-41: Launching mavenrun-26e23019-7ffc-4d53-8714-db51c1ece75b] INFO  o.eclipse.m2e.core.internal.Bundles - 	Entry: C:\Users\A DMIN\.p2\pool\plugins\slf4j.api_2.0.16.jar
2024-10-15 14:19:55,013 [Worker-41: Launching mavenrun-26e23019-7ffc-4d53-8714-db51c1ece75b] INFO  o.eclipse.m2e.core.internal.Bundles - getClasspathEntries(Bundle=jakarta.inject.jakarta.inject-api_1.0.5 [21])
2024-10-15 14:19:55,013 [Worker-41: Launching mavenrun-26e23019-7ffc-4d53-8714-db51c1ece75b] INFO  o.eclipse.m2e.core.internal.Bundles - 	Entry: C:\Users\A DMIN\.p2\pool\plugins\jakarta.inject.jakarta.inject-api_1.0.5.jar
2024-10-15 14:19:55,013 [Worker-41: Launching mavenrun-26e23019-7ffc-4d53-8714-db51c1ece75b] INFO  o.eclipse.m2e.core.internal.Bundles - getClasspathEntries(Bundle=javax.annotation_1.3.5.v20200909-1856 [24])
2024-10-15 14:19:55,014 [Worker-41: Launching mavenrun-26e23019-7ffc-4d53-8714-db51c1ece75b] INFO  o.eclipse.m2e.core.internal.Bundles - 	Entry: C:\Users\A DMIN\.p2\pool\plugins\javax.annotation_1.3.5.v20200909-1856.jar
2024-10-15 14:19:55,014 [Worker-41: Launching mavenrun-26e23019-7ffc-4d53-8714-db51c1ece75b] INFO  o.eclipse.m2e.core.internal.Bundles - getClasspathEntries(Bundle=org.apache.commons.cli_1.9.0 [534])
2024-10-15 14:19:55,015 [Worker-41: Launching mavenrun-26e23019-7ffc-4d53-8714-db51c1ece75b] INFO  o.eclipse.m2e.core.internal.Bundles - 	Entry: C:\Users\A DMIN\.p2\pool\plugins\org.apache.commons.cli_1.9.0.jar
2024-10-15 14:19:55,015 [Worker-41: Launching mavenrun-26e23019-7ffc-4d53-8714-db51c1ece75b] INFO  o.eclipse.m2e.core.internal.Bundles - getClasspathEntries(Bundle=org.apache.commons.commons-codec_1.16.0 [48])
2024-10-15 14:19:55,016 [Worker-41: Launching mavenrun-26e23019-7ffc-4d53-8714-db51c1ece75b] INFO  o.eclipse.m2e.core.internal.Bundles - 	Entry: C:\Users\A DMIN\.p2\pool\plugins\org.apache.commons.commons-codec_1.16.0.jar
2024-10-15 14:19:55,016 [Worker-41: Launching mavenrun-26e23019-7ffc-4d53-8714-db51c1ece75b] INFO  o.eclipse.m2e.core.internal.Bundles - getClasspathEntries(Bundle=org.apache.commons.lang3_3.16.0 [536])
2024-10-15 14:19:55,016 [Worker-41: Launching mavenrun-26e23019-7ffc-4d53-8714-db51c1ece75b] INFO  o.eclipse.m2e.core.internal.Bundles - 	Entry: C:\Users\A DMIN\.p2\pool\plugins\org.apache.commons.lang3_3.16.0.jar
2024-10-15 14:19:55,016 [Worker-41: Launching mavenrun-26e23019-7ffc-4d53-8714-db51c1ece75b] INFO  o.eclipse.m2e.core.internal.Bundles - getClasspathEntries(Bundle=com.google.guava.failureaccess_1.0.2 [11])
2024-10-15 14:19:55,017 [Worker-41: Launching mavenrun-26e23019-7ffc-4d53-8714-db51c1ece75b] INFO  o.eclipse.m2e.core.internal.Bundles - 	Entry: C:\Users\A DMIN\.p2\pool\plugins\com.google.guava.failureaccess_1.0.2.jar
2024-10-15 14:19:55,020 [Worker-41: Launching mavenrun-26e23019-7ffc-4d53-8714-db51c1ece75b] INFO  o.e.m.i.launch.MavenLaunchDelegate - Run build in "C:\Users\ADMIN~1\AppData\Local\Temp\m2e-archetypeGenerator10591245193745804764":
2024-10-15 14:19:55,026 [Worker-41: Launching mavenrun-26e23019-7ffc-4d53-8714-db51c1ece75b] INFO  o.e.m.i.launch.MavenLaunchDelegate -  mvn  -DarchetypeGroupId=am.ik.archetype -DarchetypeArtifactId=elm-spring-boot-blank-archetype -DarchetypeVersion=0.0.3 -DgroupId=JavaFX_Maven -DartifactId=nguyenbuiquanghuy -Dversion=0.0.1-SNAPSHOT -Dpackage=JavaFX_Maven.nguyenbuiquanghuy -DoutputDirectory=D:\Documents\Github\64130854-JavaProgramming -Dstyle.color=always -U archetype:generate
